[2026-04-09 04:16:00] [IP: ::1] [LOGIN_EXITOSO] Usuario 'Darwin Espino' (ID: 5) accedió al portal.
[2026-04-09 04:22:24] [IP: ::1] [LOGIN_EXITOSO] Usuario 'Darwin Espino' (ID: 5) accedió al portal.
[2026-04-09 04:23:21] [IP: ::1] [LOGIN_EXITOSO] Usuario 'Darwin Espino' (ID: 5) accedió al portal.
[2026-04-09 04:24:05] [IP: ::1] [LOGIN_EXITOSO] Usuario 'Darwin Espino' (ID: 5) accedió al portal.
[2026-04-09 04:25:49] [IP: ::1] [LOGIN_EXITOSO] Usuario 'Darwin Espino' (ID: 5) accedió al portal.
[2026-04-09 05:24:26] [IP: ::1] [LOGIN_FALLIDO] Intento con email: 'admin@soundverse.com'.
[2026-04-09 05:25:16] [IP: ::1] [LOGIN_EXITOSO] Admin 'Administrador Soundverse' (ID: 3) ha iniciado sesión.
[2026-04-09 05:32:26] [IP: ::1] [LOGIN_EXITOSO] Usuario 'Administrador Soundverse' (ID: 3) accedió al portal.
[2026-04-09 05:33:59] [IP: ::1] [LOGIN_EXITOSO] Admin 'Administrador Soundverse' (ID: 3) ha iniciado sesión.
[2026-04-09 05:40:26] [IP: ::1] [ACCESO_DENEGADO] Email: dsespino@unah.hn - No es administrador.
[2026-04-09 05:40:30] [IP: ::1] [LOGIN_EXITOSO] Admin 'Administrador Soundverse' (ID: 3) ha iniciado sesión.
[2026-04-09 05:44:41] [IP: ::1] [LOGIN_EXITOSO] Usuario 'Darwin Espino' (ID: 5) accedió al portal.
[2026-04-09 05:47:26] [IP: ::1] [ACCESO_DENEGADO] Email: dsespino@unah.hn - No es administrador.
[2026-04-09 05:47:30] [IP: ::1] [LOGIN_EXITOSO] Admin 'Administrador Soundverse' (ID: 3) ha iniciado sesión.
[2026-04-09 22:46:47] [IP: ::1] [LOGIN_FALLIDO] Intento fallido con email: 'free@test.com'.
[2026-04-09 22:46:54] [IP: ::1] [LOGIN_EXITOSO] Usuario 'Usuario Free' (ID: 1) accedió al portal.
[2026-04-09 22:47:42] [IP: ::1] [LOGIN_EXITOSO] Admin 'Administrador Soundverse' (ID: 3) ha iniciado sesión.
[2026-04-10 00:21:37] [IP: ::1] [LOGIN_EXITOSO] Usuario 'Usuario Free' (ID: 1) accedió al portal.
[2026-04-10 00:24:36] [IP: ::1] [LOGIN_EXITOSO] Admin 'Administrador Soundverse' (ID: 3) ha iniciado sesión.
[2026-04-10 02:28:29] [IP: ::1] [LOGIN_EXITOSO] Admin 'Administrador Soundverse' (ID: 3) ha iniciado sesión.
[2026-04-10 02:29:18] [IP: ::1] [LOGIN_EXITOSO] Usuario 'Usuario Free' (ID: 1) accedió al portal.
[2026-04-10 02:31:08] [IP: ::1] [LOGIN_EXITOSO] Usuario 'Usuario Free' (ID: 1) accedió al portal.
[2026-04-11 01:25:56] [IP: ::1] [LOGIN_EXITOSO] Usuario 'Usuario Free' (ID: 1) accedió al portal.
[2026-04-11 02:06:34] [IP: ::1] [LOGIN_EXITOSO] Usuario 'Usuario Premium' (ID: 2) accedió al portal.
[2026-04-11 02:24:25] [IP: ::1] [LOGIN_EXITOSO] Usuario 'Usuario Free' (ID: 1) accedió al portal.
[2026-04-11 02:39:19] [IP: ::1] [LOGIN_EXITOSO] Usuario 'Usuario Free' (ID: 1) accedió al portal.
[2026-04-11 02:48:12] [IP: ::1] [LOGIN_EXITOSO] Usuario 'Administrador Soundverse' (ID: 3) accedió al portal.
[2026-04-11 02:49:09] [IP: ::1] [LOGIN_EXITOSO] Usuario 'Usuario Premium' (ID: 2) accedió al portal.
[2026-04-11 02:51:13] [IP: ::1] [LOGIN_EXITOSO] Usuario 'Usuario Free' (ID: 1) accedió al portal.
[2026-04-11 03:03:30] [IP: ::1] [LOGIN_EXITOSO] Usuario 'aldoxito' (ID: 5) accedió al portal.
[2026-04-11 03:50:02] [IP: ::1] [LOGIN_EXITOSO] Usuario 'aldoxito' (ID: 5) accedió al portal.
[2026-04-11 03:52:09] [IP: ::1] [LOGIN_EXITOSO] Usuario 'Usuario Premium' (ID: 2) accedió al portal.
[2026-04-11 05:08:22] [IP: ::1] [LOGIN_EXITOSO] Usuario 'Administrador Soundverse' (ID: 3) accedió al portal.
[2026-04-11 05:08:59] [IP: ::1] [LOGIN_EXITOSO] Admin 'Administrador Soundverse' (ID: 3) ha iniciado sesión.
[2026-04-11 05:58:55] [IP: ::1] [CRUD] Admin ID:3 CREO artista 'Shakira'.
[2026-04-11 06:02:35] [IP: ::1] [CRUD] Admin ID:3 CREO album 'Fijación Oral, Vol. 1'.
[2026-04-11 06:06:40] [IP: ::1] [CRUD] Admin ID:3 CREO cancion 'Escondite Ingles'.
[2026-04-11 06:06:55] [IP: ::1] [LOGIN_EXITOSO] Usuario 'aldoxito' (ID: 5) accedió al portal.
[2026-04-11 06:09:59] [IP: ::1] [CRUD] Admin ID:3 CREO cancion 'La Tortura'.
[2026-04-11 06:11:52] [IP: ::1] [LOGIN_EXITOSO] Usuario 'Usuario Premium' (ID: 2) accedió al portal.
[2026-04-11 06:15:04] [IP: ::1] [CRUD] Admin ID:3 CREO album 'Donde Estan Los Ladrones'.
[2026-04-11 06:17:29] [IP: ::1] [CRUD] Admin ID:3 CREO cancion 'Dónde Están los Ladrones?'.
[2026-04-11 06:19:44] [IP: ::1] [CRUD] Admin ID:3 CREO cancion 'Octavo Día'.
[2026-04-11 06:25:19] [IP: ::1] [CRUD] Admin ID:3 CREO artista 'Bee Gees'.
[2026-04-11 06:26:05] [IP: ::1] [CRUD] Admin ID:3 CREO album 'Spirits Having Flown'.
[2026-04-11 06:27:00] [IP: ::1] [CRUD] Admin ID:3 CREO cancion 'Tragedy'.
[2026-04-11 06:30:56] [IP: ::1] [CRUD] Admin ID:3 CREO artista 'Bon Jovi'.
[2026-04-11 06:32:14] [IP: ::1] [CRUD] Admin ID:3 CREO album 'Slippery When Wet'.
[2026-04-11 06:33:14] [IP: ::1] [CRUD] Admin ID:3 CREO cancion 'Livin' On A Prayer'.
[2026-04-11 06:35:58] [IP: ::1] [CRUD] Admin ID:3 CREO album 'Children of the World'.
[2026-04-11 06:37:13] [IP: ::1] [CRUD] Admin ID:3 CREO cancion 'You Should Be Dancing'.
[2026-04-11 06:37:23] [IP: ::1] [LOGIN_EXITOSO] Usuario 'aldoxito' (ID: 5) accedió al portal.
[2026-04-11 06:48:32] [IP: ::1] [LOGIN_EXITOSO] Admin 'Administrador Soundverse' (ID: 3) ha iniciado sesión.
[2026-04-11 07:18:19] [IP: ::1] [LOGIN_EXITOSO] Usuario 'Administrador Soundverse' (ID: 3) accedió al portal.
[2026-04-11 07:21:50] [IP: ::1] [LOGIN_EXITOSO] Usuario 'Administrador Soundverse' (ID: 3) accedió al portal.
[2026-04-11 07:22:48] [IP: ::1] [LOGIN_EXITOSO] Admin 'Administrador Soundverse' (ID: 3) ha iniciado sesión.
[2026-04-11 07:26:57] [IP: ::1] [LOGIN_EXITOSO] Usuario 'Administrador Soundverse' (ID: 3) accedió al portal.
[2026-04-11 07:30:52] [IP: ::1] [LOGIN_EXITOSO] Admin 'Administrador Soundverse' (ID: 3) ha iniciado sesión.
[2026-04-11 07:46:32] [IP: ::1] [LOGIN_EXITOSO] Admin 'Administrador Soundverse' (ID: 3) ha iniciado sesión.
[2026-04-11 07:46:32] [IP: ::1] [LOGIN_EXITOSO] Admin 'Administrador Soundverse' (ID: 3) ha iniciado sesión.
[2026-04-11 07:46:32] [IP: ::1] [LOGIN_EXITOSO] Admin 'Administrador Soundverse' (ID: 3) ha iniciado sesión.
[2026-04-11 07:47:13] [IP: ::1] [LOGIN_EXITOSO] Usuario 'Administrador Soundverse' (ID: 3) accedió al portal.
[2026-04-11 07:57:34] [IP: ::1] [LOGIN_EXITOSO] Usuario 'Administrador Soundverse' (ID: 3) accedió al portal.
[2026-04-11 08:23:18] [IP: ::1] [LOGIN_EXITOSO] Usuario 'Administrador Soundverse' (ID: 3) accedió al portal.
[2026-04-11 08:23:37] [IP: ::1] [LOGIN_EXITOSO] Usuario 'Darwin Espino' (ID: 5) accedió al portal.
[2026-04-11 08:24:41] [IP: ::1] [ACCESO_DENEGADO] Email: dsespino@unah.hn - No es administrador.
[2026-04-11 08:24:47] [IP: ::1] [LOGIN_EXITOSO] Admin 'Administrador Soundverse' (ID: 3) ha iniciado sesión.
[2026-04-11 08:26:10] [IP: ::1] [CRUD] Admin ID:3 ACTUALIZO cancion ID:6.
[2026-04-11 08:26:26] [IP: ::1] [LOGIN_EXITOSO] Usuario 'Darwin Espino' (ID: 5) accedió al portal.
[2026-04-11 08:35:32] [IP: ::1] [LOGIN_FALLIDO] Intento fallido con email: 'dsespino@unah.hn'.
[2026-04-11 08:35:37] [IP: ::1] [LOGIN_EXITOSO] Usuario 'Administrador Soundverse' (ID: 3) accedió al portal.
[2026-04-11 08:37:50] [IP: ::1] [LOGIN_EXITOSO] Usuario 'Administrador Soundverse' (ID: 3) accedió al portal.
[2026-04-11 08:38:00] [IP: ::1] [LOGIN_EXITOSO] Usuario 'Administrador Soundverse' (ID: 3) accedió al portal.
[2026-04-11 08:38:07] [IP: ::1] [LOGIN_EXITOSO] Admin 'Administrador Soundverse' (ID: 3) ha iniciado sesión.
[2026-04-11 20:41:39] [IP: ::1] [LOGIN_EXITOSO] Usuario 'Usuario Free' (ID: 1) accedió al portal.
[2026-04-11 21:51:56] [IP: ::1] [LOGIN_EXITOSO] Usuario 'Usuario Free' (ID: 1) accedió al portal.
[2026-04-11 22:26:35] [IP: ::1] [LOGIN_FALLIDO] Intento fallido con email: 'test@free.com'.
[2026-04-11 22:27:05] [IP: ::1] [LOGIN_EXITOSO] Usuario 'Usuario Free' (ID: 1) accedió al portal.
[2026-04-11 22:57:12] [IP: ::1] [LOGIN_EXITOSO] Usuario 'Usuario Free' (ID: 1) accedió al portal.
[2026-04-11 23:58:57] [IP: ::1] [LOGIN_EXITOSO] Usuario 'Usuario Free' (ID: 1) accedió al portal.
[2026-04-12 00:28:09] [IP: ::1] [LOGIN_EXITOSO] Usuario 'Usuario Free' (ID: 1) accedió al portal.
[2026-04-12 00:37:31] [IP: ::1] [LOGIN_EXITOSO] Usuario 'Usuario Free' (ID: 1) accedió al portal.
[2026-04-12 00:54:34] [IP: ::1] [LOGIN_EXITOSO] Usuario 'Usuario Free' (ID: 1) accedió al portal.
[2026-04-12 01:33:52] [IP: ::1] [LOGIN_EXITOSO] Usuario 'Usuario Free' (ID: 1) accedió al portal.
[2026-04-12 01:36:08] [IP: ::1] [LOGIN_EXITOSO] Admin 'Administrador Soundverse' (ID: 3) ha iniciado sesión.
[2026-04-12 01:50:58] [IP: ::1] [LOGIN_EXITOSO] Usuario 'Usuario Free' (ID: 1) accedió al portal.
[2026-04-13 06:39:53] [IP: ::1] [LOGIN_EXITOSO] Admin 'Administrador Soundverse' (ID: 3) ha iniciado sesión.
